d:\develop-d\game\action2d\action2d\debug\vc142.pdb
d:\develop-d\game\action2d\action2d\debug\vc142.idb
d:\develop-d\game\action2d\action2d\debug\math.obj
d:\develop-d\game\action2d\action2d\debug\collision2d_aabb.obj
d:\develop-d\game\action2d\action2d\debug\endscene.obj
d:\develop-d\game\action2d\action2d\debug\spritedrawer.obj
d:\develop-d\game\action2d\action2d\debug\drawer.obj
d:\develop-d\game\action2d\action2d\debug\game_load.obj
d:\develop-d\game\action2d\action2d\debug\movecomponent.obj
d:\develop-d\game\action2d\action2d\debug\keymovecomponent.obj
d:\develop-d\game\action2d\action2d\debug\component.obj
d:\develop-d\game\action2d\action2d\debug\collisioncomponent.obj
d:\develop-d\game\action2d\action2d\debug\circlecollisioncomponent.obj
d:\develop-d\game\action2d\action2d\debug\keyboardstate.obj
d:\develop-d\game\action2d\action2d\debug\inputsystem.obj
d:\develop-d\game\action2d\action2d\debug\titlescene.obj
d:\develop-d\game\action2d\action2d\debug\playscene.obj
d:\develop-d\game\action2d\action2d\debug\gamescenemaneger.obj
d:\develop-d\game\action2d\action2d\debug\gamescene.obj
d:\develop-d\game\action2d\action2d\debug\main.obj
d:\develop-d\game\action2d\action2d\debug\physworld.obj
d:\develop-d\game\action2d\action2d\debug\collision2d_segment.obj
d:\develop-d\game\action2d\action2d\debug\collision2d_intersect.obj
d:\develop-d\game\action2d\action2d\debug\collision2d_circle.obj
d:\develop-d\game\action2d\action2d\debug\game.obj
d:\develop-d\game\action2d\action2d\debug\actor.obj
d:\develop-d\game\action2d\action2d\debug\moveactor.obj
d:\develop-d\game\action2d\action2d\debug\debugscene.obj
d:\develop-d\game\action2d\action2d\debug\rectdrawer.obj
d:\develop-d\game\action2d\action2d\debug\horikeymovecomponent.obj
d:\develop-d\game\action2d\action2d\debug\aabbcollisioncomponent.obj
d:\develop-d\game\action2d\action2d\debug\revertpositioncomponent.obj
d:\develop-d\game\action2d\action2d\debug\gravitycomponent.obj
d:\develop-d\game\action2d\action2d\debug\groundcomponent.obj
d:\develop-d\game\action2d\action2d\debug\jumpcomponent.obj
d:\develop-d\game\action2d\action2d\debug\movefloorcomponent.obj
d:\develop-d\game\action2d\action2d\debug\laddercomponent.obj
d:\develop-d\game\action2d\action2d\debug\stagemaneger.obj
d:\develop-d\game\action2d\action2d\debug\terrainmaneger.obj
d:\develop-d\game\action2d\action2d\debug\terraincomponent.obj
d:\develop-d\game\action2d\action2d\debug\movefllorterriancomponent.obj
d:\develop-d\game\action2d\action2d\debug\kaguya.obj
d:\develop-d\game\action2d\action2d\debug\characteractor.obj
d:\develop-d\game\action2d\action2d\debug\stagebase.obj
d:\develop-d\game\action2d\action2d\debug\debugstage.obj
d:\develop-d\game\action2d\action2d\debug\stagetranscomponent.obj
d:\develop-d\game\action2d\action2d\debug\debugstage2.obj
d:\develop-d\game\action2d\action2d\debug\collision2d_minimumoverlap.obj
d:\develop-d\game\action2d\action2d\debug\intervalaction.obj
d:\develop-d\game\action2d\action2d\debug\animspritedrawer.obj
d:\develop-d\game\action2d\action2d\debug\damagecomponent.obj
d:\develop-d\game\action2d\action2d\debug\simpleenemy.obj
d:\develop-d\game\action2d\action2d\debug\font.obj
d:\develop-d\game\action2d\action2d\debug\textdrawer.obj
d:\develop-d\game\action2d\action2d\debug\alivestate.obj
d:\develop-d\game\action2d\action2d\debug\ghoststate.obj
d:\develop-d\game\action2d\action2d\debug\testitem.obj
d:\develop-d\game\action2d\action2d\debug\sworditem.obj
d:\develop-d\game\action2d\action2d\debug\kaguyaitemfactory.obj
d:\develop-d\game\action2d\action2d\debug\bombitem.obj
d:\develop-d\game\action2d\debug\action2d.exe
d:\develop-d\game\action2d\debug\action2d.ilk
d:\develop-d\game\action2d\debug\action2d.pdb
d:\develop-d\game\action2d\action2d\debug\movefllorterriancomponent.obj.enc
d:\develop-d\game\action2d\action2d\debug\action2d.tlog\cl.command.1.tlog
d:\develop-d\game\action2d\action2d\debug\action2d.tlog\cl.read.1.tlog
d:\develop-d\game\action2d\action2d\debug\action2d.tlog\cl.write.1.tlog
d:\develop-d\game\action2d\action2d\debug\action2d.tlog\link.command.1.tlog
d:\develop-d\game\action2d\action2d\debug\action2d.tlog\link.read.1.tlog
d:\develop-d\game\action2d\action2d\debug\action2d.tlog\link.write.1.tlog
